============================== Prover9 ===============================
Prover9 (64) version 2009-11A, November 2009.
Process 2547 was started by cata on DESKTOP-6I43JMK,
Fri Dec 13 11:05:40 2024
The command was "/home/cata/LADR-2009-11A/bin/prover9 -f night.in".
============================== end of head ===========================

============================== INPUT =================================

% Reading from file night.in

set(binary_resolution).
set(print_gen).

formulas(assumptions).
killer(P1) | doctor(P1) | officer(P1) | civilian(P1).
killer(P2) | doctor(P2) | officer(P2) | civilian(P2).
killer(P3) | doctor(P3) | officer(P3) | civilian(P3).
killer(P4) | doctor(P4) | officer(P4) | civilian(P4).
killer(P5) | doctor(P5) | officer(P5) | civilian(P5).
killer(P6) | doctor(P6) | officer(P6) | civilian(P6).
killer(P7) | doctor(P7) | officer(P7) | civilian(P7).
killer(P8) | doctor(P8) | officer(P8) | civilian(P8).
(all x all y (killer(x) & killer(y) -> x = y)).
(all x (alive(x) -> -dead(x))).
(all x (dead(x) -> -alive(x))).
alive(x) -> -dead(x).
dead(x) -> -alive(x).
(all x (killer(x) & dead(x) -> civilians_win)).
(exists x exists y (alive(x) & alive(y) & killer(x) & x != y & (all z (alive(z) -> z = x | z = y)))) -> killer_wins.
(exists x (alive(x) & killer(x) & (all y (alive(y) -> y = x)))) -> killer_wins.
-civilians_win -> killer_wins.
dead(P6).
dead(P8).
killer(P8).
alive(P1).
alive(P2).
alive(P3).
alive(P4).
alive(P5).
alive(P7).
end_of_list.

formulas(goals).
civilians_win.
end_of_list.

============================== end of input ==========================

============================== PROCESS NON-CLAUSAL FORMULAS ==========

% Formulas that are not ordinary clauses:
1 (all x all y (killer(x) & killer(y) -> x = y)) # label(non_clause).  [assumption].
2 (all x (alive(x) -> -dead(x))) # label(non_clause).  [assumption].
3 (all x (dead(x) -> -alive(x))) # label(non_clause).  [assumption].
4 alive(x) -> -dead(x) # label(non_clause).  [assumption].
5 dead(x) -> -alive(x) # label(non_clause).  [assumption].
6 (all x (killer(x) & dead(x) -> civilians_win)) # label(non_clause).  [assumption].
7 (exists x exists y (alive(x) & alive(y) & killer(x) & x != y & (all z (alive(z) -> z = x | z = y)))) -> killer_wins # label(non_clause).  [assumption].
8 (exists x (alive(x) & killer(x) & (all y (alive(y) -> y = x)))) -> killer_wins # label(non_clause).  [assumption].
9 -civilians_win -> killer_wins # label(non_clause).  [assumption].
10 civilians_win # label(non_clause) # label(goal).  [goal].

============================== end of process non-clausal formulas ===

============================== PROCESS INITIAL CLAUSES ===============

% Clauses before input processing:

formulas(usable).
end_of_list.

formulas(sos).
killer(P1) | doctor(P1) | officer(P1) | civilian(P1).  [assumption].
killer(P2) | doctor(P2) | officer(P2) | civilian(P2).  [assumption].
killer(P3) | doctor(P3) | officer(P3) | civilian(P3).  [assumption].
killer(P4) | doctor(P4) | officer(P4) | civilian(P4).  [assumption].
killer(P5) | doctor(P5) | officer(P5) | civilian(P5).  [assumption].
killer(P6) | doctor(P6) | officer(P6) | civilian(P6).  [assumption].
killer(P7) | doctor(P7) | officer(P7) | civilian(P7).  [assumption].
killer(P8) | doctor(P8) | officer(P8) | civilian(P8).  [assumption].
-killer(x) | -killer(y) | y = x.  [clausify(1)].
-alive(x) | -dead(x).  [clausify(2)].
-dead(x) | -alive(x).  [clausify(3)].
-alive(x) | -dead(x).  [clausify(4)].
-dead(x) | -alive(x).  [clausify(5)].
-killer(x) | -dead(x) | civilians_win.  [clausify(6)].
-alive(x) | -alive(y) | -killer(x) | y = x | alive(f1(x,y)) | killer_wins.  [clausify(7)].
-alive(x) | -alive(y) | -killer(x) | y = x | f1(x,y) != x | killer_wins.  [clausify(7)].
-alive(x) | -alive(y) | -killer(x) | y = x | f1(x,y) != y | killer_wins.  [clausify(7)].
-alive(x) | -killer(x) | alive(f2(x)) | killer_wins.  [clausify(8)].
-alive(x) | -killer(x) | f2(x) != x | killer_wins.  [clausify(8)].
civilians_win | killer_wins.  [clausify(9)].
dead(P6).  [assumption].
dead(P8).  [assumption].
killer(P8).  [assumption].
alive(P1).  [assumption].
alive(P2).  [assumption].
alive(P3).  [assumption].
alive(P4).  [assumption].
alive(P5).  [assumption].
alive(P7).  [assumption].
-civilians_win.  [deny(10)].
end_of_list.

formulas(demodulators).
end_of_list.

============================== PREDICATE ELIMINATION =================

Eliminating doctor/1

Eliminating dead/1
11 dead(P6).  [assumption].
12 -alive(x) | -dead(x).  [clausify(2)].
13 -dead(x) | -alive(x).  [clausify(3)].
14 -alive(x) | -dead(x).  [clausify(4)].
15 -dead(x) | -alive(x).  [clausify(5)].
16 -killer(x) | -dead(x) | civilians_win.  [clausify(6)].
Derived: -alive(P6).  [resolve(11,a,12,b)].
Derived: -killer(P6) | civilians_win.  [resolve(11,a,16,b)].
17 dead(P8).  [assumption].
Derived: -alive(P8).  [resolve(17,a,12,b)].
Derived: -killer(P8) | civilians_win.  [resolve(17,a,16,b)].

============================== end predicate elimination =============

Auto_denials:  (non-Horn, no changes).

Term ordering decisions:
Predicate symbol precedence:  predicate_order([ =, killer_wins, civilians_win, alive, killer ]).
Function symbol precedence:  function_order([ P8, P1, P2, P3, P4, P5, P6, P7, f1, f2 ]).
After inverse_order:  (no changes).
Unfolding symbols: (none).

Auto_inference settings:
  % set(paramodulation).  % (positive equality literals)
  % set(binary_resolution).  % (non-Horn)
  % set(neg_ur_resolution).  % (non-Horn, less than 100 clauses)

Auto_process settings:
  % set(factor).  % (non-Horn)
  % set(unit_deletion).  % (non-Horn)


generated: -killer(x) | -killer(y) | y = x.  [clausify(1)].
kept:      18 -killer(x) | -killer(y) | y = x.  [clausify(1)].

generated: -alive(x) | -alive(y) | -killer(x) | y = x | alive(f1(x,y)) | killer_wins.  [clausify(7)].
kept:      19 -alive(x) | -alive(y) | -killer(x) | y = x | alive(f1(x,y)) | killer_wins.  [clausify(7)].

generated: -alive(x) | -alive(y) | -killer(x) | y = x | f1(x,y) != x | killer_wins.  [clausify(7)].
kept:      20 -alive(x) | -alive(y) | -killer(x) | y = x | f1(x,y) != x | killer_wins.  [clausify(7)].

generated: -alive(x) | -alive(y) | -killer(x) | y = x | f1(x,y) != y | killer_wins.  [clausify(7)].
kept:      21 -alive(x) | -alive(y) | -killer(x) | y = x | f1(x,y) != y | killer_wins.  [clausify(7)].

generated: -alive(x) | -killer(x) | alive(f2(x)) | killer_wins.  [clausify(8)].
kept:      22 -alive(x) | -killer(x) | alive(f2(x)) | killer_wins.  [clausify(8)].

generated: -alive(x) | -killer(x) | f2(x) != x | killer_wins.  [clausify(8)].
kept:      23 -alive(x) | -killer(x) | f2(x) != x | killer_wins.  [clausify(8)].

generated: civilians_win | killer_wins.  [clausify(9)].
kept:      24 civilians_win | killer_wins.  [clausify(9)].

generated: killer(P8).  [assumption].
kept:      25 killer(P8).  [assumption].

generated: alive(P1).  [assumption].
kept:      26 alive(P1).  [assumption].

generated: alive(P2).  [assumption].
kept:      27 alive(P2).  [assumption].

generated: alive(P3).  [assumption].
kept:      28 alive(P3).  [assumption].

generated: alive(P4).  [assumption].
kept:      29 alive(P4).  [assumption].

generated: alive(P5).  [assumption].
kept:      30 alive(P5).  [assumption].

generated: alive(P7).  [assumption].
kept:      31 alive(P7).  [assumption].

generated: -civilians_win.  [deny(10)].
kept:      32 -civilians_win.  [deny(10)].

generated: -alive(P6).  [resolve(11,a,12,b)].
kept:      33 -alive(P6).  [resolve(11,a,12,b)].
           34 -killer(P6) | civilians_win.  [resolve(11,a,16,b)].

generated: -killer(P6).  [copy(34),unit_del(b,32)].
kept:      35 -killer(P6).  [copy(34),unit_del(b,32)].

generated: -alive(P8).  [resolve(17,a,12,b)].
kept:      36 -alive(P8).  [resolve(17,a,12,b)].
           37 -killer(P8) | civilians_win.  [resolve(17,a,16,b)].

generated: $F.  [copy(37),unit_del(a,25),unit_del(b,32)].

============================== PROOF =================================

% Proof 1 at 0.00 (+ 0.00) seconds.
% Length of proof is 8.
% Level of proof is 3.
% Maximum clause weight is 2.000.
% Given clauses 0.

6 (all x (killer(x) & dead(x) -> civilians_win)) # label(non_clause).  [assumption].
10 civilians_win # label(non_clause) # label(goal).  [goal].
16 -killer(x) | -dead(x) | civilians_win.  [clausify(6)].
17 dead(P8).  [assumption].
25 killer(P8).  [assumption].
32 -civilians_win.  [deny(10)].
37 -killer(P8) | civilians_win.  [resolve(17,a,16,b)].
38 $F.  [copy(37),unit_del(a,25),unit_del(b,32)].

============================== end of proof ==========================

============================== STATISTICS ============================

Given=0. Generated=19. Kept=18. proofs=1.
Usable=0. Sos=0. Demods=0. Limbo=18, Disabled=34. Hints=0.
Kept_by_rule=0, Deleted_by_rule=0.
Forward_subsumed=0. Back_subsumed=0.
Sos_limit_deleted=0. Sos_displaced=0. Sos_removed=0.
New_demodulators=0 (0 lex), Back_demodulated=0. Back_unit_deleted=0.
Demod_attempts=0. Demod_rewrites=0.
Res_instance_prunes=0. Para_instance_prunes=0. Basic_paramod_prunes=0.
Nonunit_fsub_feature_tests=1. Nonunit_bsub_feature_tests=0.
Megabytes=0.07.
User_CPU=0.00, System_CPU=0.00, Wall_clock=0.

============================== end of statistics =====================

============================== end of search =========================

THEOREM PROVED

Exiting with 1 proof.

Process 2547 exit (max_proofs) Fri Dec 13 11:05:40 2024
